<?xml version="1.0" encoding="UTF-8"?>
<testsuite xmlns:xsi="http://www.w3.org/2001/XMLSchema-instance" xsi:noNamespaceSchemaLocation="https://maven.apache.org/surefire/maven-surefire-plugin/xsd/surefire-test-report.xsd" name="com.pgyer.AppTest" time="0.094" tests="1" errors="0" skipped="0" failures="0">
  <properties>
    <property name="awt.toolkit" value="sun.lwawt.macosx.LWCToolkit"/>
    <property name="java.specification.version" value="12"/>
    <property name="sun.jnu.encoding" value="UTF-8"/>
    <property name="java.class.path" value="/Users/pgyer/Desktop/simplepinpoint/target/test-classes:/Users/pgyer/Desktop/simplepinpoint/target/classes:/Users/pgyer/Desktop/simplepinpoint/‎⁨/Library/mvnrepository_my/junit/junit/4.11/junit-4.11.jar:/Users/pgyer/Desktop/simplepinpoint/‎⁨/Library/mvnrepository_my/org/hamcrest/hamcrest-core/1.3/hamcrest-core-1.3.jar:/Users/pgyer/Desktop/simplepinpoint/‎⁨/Library/mvnrepository_my/org/javassist/javassist/3.25.0-GA/javassist-3.25.0-GA.jar:/Users/pgyer/Desktop/simplepinpoint/‎⁨/Library/mvnrepository_my/com/codahale/metrics/metrics-core/3.0.2/metrics-core-3.0.2.jar:/Users/pgyer/Desktop/simplepinpoint/‎⁨/Library/mvnrepository_my/org/slf4j/slf4j-api/1.7.5/slf4j-api-1.7.5.jar:/Users/pgyer/Desktop/simplepinpoint/‎⁨/Library/mvnrepository_my/com/codahale/metrics/metrics-graphite/3.0.2/metrics-graphite-3.0.2.jar:/Users/pgyer/Desktop/simplepinpoint/‎⁨/Library/mvnrepository_my/com/codahale/metrics/metrics-jvm/3.0.2/metrics-jvm-3.0.2.jar:"/>
    <property name="java.vm.vendor" value="Oracle Corporation"/>
    <property name="sun.arch.data.model" value="64"/>
    <property name="java.vendor.url" value="https://java.oracle.com/"/>
    <property name="os.name" value="Mac OS X"/>
    <property name="java.vm.specification.version" value="12"/>
    <property name="sun.java.launcher" value="SUN_STANDARD"/>
    <property name="user.country" value="CN"/>
    <property name="sun.boot.library.path" value="/Library/Java/JavaVirtualMachines/jdk-12.0.1.jdk/Contents/Home/lib"/>
    <property name="sun.java.command" value="/Users/pgyer/Desktop/simplepinpoint/target/surefire/surefirebooter2821387802663023401.jar /Users/pgyer/Desktop/simplepinpoint/target/surefire 2019-06-14T15-16-17_687-jvmRun1 surefire14342097397196403791tmp surefire_05684951528758948610tmp"/>
    <property name="http.nonProxyHosts" value="local|*.local|169.254/16|*.169.254/16"/>
    <property name="jdk.debug" value="release"/>
    <property name="surefire.test.class.path" value="/Users/pgyer/Desktop/simplepinpoint/target/test-classes:/Users/pgyer/Desktop/simplepinpoint/target/classes:/Users/pgyer/Desktop/simplepinpoint/‎⁨/Library/mvnrepository_my/junit/junit/4.11/junit-4.11.jar:/Users/pgyer/Desktop/simplepinpoint/‎⁨/Library/mvnrepository_my/org/hamcrest/hamcrest-core/1.3/hamcrest-core-1.3.jar:/Users/pgyer/Desktop/simplepinpoint/‎⁨/Library/mvnrepository_my/org/javassist/javassist/3.25.0-GA/javassist-3.25.0-GA.jar:/Users/pgyer/Desktop/simplepinpoint/‎⁨/Library/mvnrepository_my/com/codahale/metrics/metrics-core/3.0.2/metrics-core-3.0.2.jar:/Users/pgyer/Desktop/simplepinpoint/‎⁨/Library/mvnrepository_my/org/slf4j/slf4j-api/1.7.5/slf4j-api-1.7.5.jar:/Users/pgyer/Desktop/simplepinpoint/‎⁨/Library/mvnrepository_my/com/codahale/metrics/metrics-graphite/3.0.2/metrics-graphite-3.0.2.jar:/Users/pgyer/Desktop/simplepinpoint/‎⁨/Library/mvnrepository_my/com/codahale/metrics/metrics-jvm/3.0.2/metrics-jvm-3.0.2.jar:"/>
    <property name="sun.cpu.endian" value="little"/>
    <property name="user.home" value="/Users/pgyer"/>
    <property name="user.language" value="zh"/>
    <property name="java.specification.vendor" value="Oracle Corporation"/>
    <property name="java.version.date" value="2019-04-16"/>
    <property name="java.home" value="/Library/Java/JavaVirtualMachines/jdk-12.0.1.jdk/Contents/Home"/>
    <property name="file.separator" value="/"/>
    <property name="basedir" value="/Users/pgyer/Desktop/simplepinpoint"/>
    <property name="java.vm.compressedOopsMode" value="Zero based"/>
    <property name="line.separator" value="&#10;"/>
    <property name="java.vm.specification.vendor" value="Oracle Corporation"/>
    <property name="java.specification.name" value="Java Platform API Specification"/>
    <property name="java.awt.graphicsenv" value="sun.awt.CGraphicsEnvironment"/>
    <property name="surefire.real.class.path" value="/Users/pgyer/Desktop/simplepinpoint/target/surefire/surefirebooter2821387802663023401.jar"/>
    <property name="user.script" value="Hans"/>
    <property name="sun.management.compiler" value="HotSpot 64-Bit Tiered Compilers"/>
    <property name="ftp.nonProxyHosts" value="local|*.local|169.254/16|*.169.254/16"/>
    <property name="java.runtime.version" value="12.0.1+12"/>
    <property name="user.name" value="pgyer"/>
    <property name="path.separator" value=":"/>
    <property name="os.version" value="10.14.5"/>
    <property name="java.runtime.name" value="Java(TM) SE Runtime Environment"/>
    <property name="file.encoding" value="UTF-8"/>
    <property name="java.vm.name" value="Java HotSpot(TM) 64-Bit Server VM"/>
    <property name="localRepository" value="/Users/pgyer/Desktop/simplepinpoint/‎⁨/Library/mvnrepository_my"/>
    <property name="java.vendor.url.bug" value="https://bugreport.java.com/bugreport/"/>
    <property name="java.io.tmpdir" value="/var/folders/dx/k3m8fy753tz0sh8kwxqh8rfw0000gn/T/"/>
    <property name="java.version" value="12.0.1"/>
    <property name="user.dir" value="/Users/pgyer/Desktop/simplepinpoint"/>
    <property name="os.arch" value="x86_64"/>
    <property name="java.vm.specification.name" value="Java Virtual Machine Specification"/>
    <property name="java.library.path" value="/Users/pgyer/Library/Java/Extensions:/Library/Java/Extensions:/Network/Library/Java/Extensions:/System/Library/Java/Extensions:/usr/lib/java:."/>
    <property name="java.vm.info" value="mixed mode, sharing"/>
    <property name="java.vendor" value="Oracle Corporation"/>
    <property name="java.vm.version" value="12.0.1+12"/>
    <property name="sun.io.unicode.encoding" value="UnicodeBig"/>
    <property name="socksNonProxyHosts" value="local|*.local|169.254/16|*.169.254/16"/>
    <property name="java.class.version" value="56.0"/>
  </properties>
  <testcase name="shouldAnswerWithTrue" classname="com.pgyer.AppTest" time="0.002"/>
</testsuite>